23:58:15 INFO  : Launching XSCT server: xsct -n  -interactive /home/fpga/workspace/alexnet/temp_xsdb_launch_script.tcl
23:58:16 INFO  : Platform repository initialization has completed.
23:58:17 INFO  : Registering command handlers for Vitis TCF services
23:58:19 INFO  : XSCT server has started successfully.
23:58:19 INFO  : Successfully done setting XSCT server connection channel  
23:58:19 INFO  : plnx-install-location is set to ''
23:58:19 INFO  : Successfully done setting workspace for the tool. 
23:58:19 INFO  : Successfully done query RDI_DATADIR 
23:58:35 WARN  : The configuration 'Hardware' of the project 'cnn' being currently built is not compatible with the configuration 'null' of the project 'cnn_system_hw_link' existing in the same system project.
23:59:01 INFO  : Build of the project 'cnn' for the configuration 'Hardware' is cancelled. 
23:59:35 WARN  : The configuration 'Hardware' of the project 'cnn' being currently built is not compatible with the configuration 'null' of the project 'cnn_system_hw_link' existing in the same system project.
23:59:37 INFO  : Build of the project 'cnn' for the configuration 'Hardware' is cancelled. 
12:34:48 INFO  : Launching XSCT server: xsct -n  -interactive /home/fpga/workspace/alexnet/temp_xsdb_launch_script.tcl
12:34:48 INFO  : Platform repository initialization has completed.
12:34:51 INFO  : XSCT server has started successfully.
12:34:51 INFO  : Successfully done setting XSCT server connection channel  
12:34:51 INFO  : plnx-install-location is set to ''
12:34:51 INFO  : Successfully done setting workspace for the tool. 
12:34:51 INFO  : Successfully done query RDI_DATADIR 
12:34:53 INFO  : Registering command handlers for Vitis TCF services
19:09:51 INFO  : Launching XSCT server: xsct -n  -interactive /home/fpga/workspace/alexnet/temp_xsdb_launch_script.tcl
19:09:52 INFO  : Platform repository initialization has completed.
19:09:55 INFO  : Registering command handlers for Vitis TCF services
19:09:55 INFO  : XSCT server has started successfully.
19:09:55 INFO  : plnx-install-location is set to ''
19:09:55 INFO  : Successfully done setting XSCT server connection channel  
19:09:55 INFO  : Successfully done setting workspace for the tool. 
19:09:55 INFO  : Successfully done query RDI_DATADIR 
