===== Printing the CNN parameters Layer 0 ======
Batch size: 1
Layer Parameters: 
K_wts: 	4	S_wts:	2
R_ofm:	158	C_ofm:	158	M_ofm:	64	N_ifm:	4R_ifm:	318C_ifm:	318
Kernel Parameters: 
Tr: 	4	Tc:	4	Tm:	4	Tn:	4

===== Printing the CNN parameters Layer 1 ======
Batch size: 1
Layer Parameters: 
K_wts: 	4	S_wts:	2
R_ofm:	78	C_ofm:	78	M_ofm:	128	N_ifm:	64R_ifm:	158C_ifm:	158
Kernel Parameters: 
Tr: 	8	Tc:	8	Tm:	8	Tn:	8

===== Printing the CNN parameters Layer 2 ======
Batch size: 1
Layer Parameters: 
K_wts: 	4	S_wts:	2
R_ofm:	38	C_ofm:	38	M_ofm:	256	N_ifm:	128R_ifm:	78C_ifm:	78
Kernel Parameters: 
Tr: 	8	Tc:	8	Tm:	8	Tn:	8

===== Printing the CNN parameters Layer 3 ======
Batch size: 1
Layer Parameters: 
K_wts: 	4	S_wts:	2
R_ofm:	18	C_ofm:	18	M_ofm:	256	N_ifm:	256R_ifm:	38C_ifm:	38
Kernel Parameters: 
Tr: 	8	Tc:	8	Tm:	8	Tn:	8

===== Printing the CNN parameters Layer 4 ======
Batch size: 1
Layer Parameters: 
K_wts: 	4	S_wts:	2
R_ofm:	8	C_ofm:	8	M_ofm:	128	N_ifm:	256R_ifm:	18C_ifm:	18
Kernel Parameters: 
Tr: 	8	Tc:	8	Tm:	8	Tn:	8

===== Initialize device ======
Initializing device...

===== Reading xclbin ======
INFO: Reading binary_container_0.xclbin
Loading: 'binary_container_0.xclbin'
INFO: Reading binary_container_1.xclbin
Loading: 'binary_container_1.xclbin'
INFO: Reading binary_container_2.xclbin
Loading: 'binary_container_2.xclbin'
INFO: Reading binary_container_3.xclbin
Loading: 'binary_container_3.xclbin'
INFO: Reading binary_container_4.xclbin
Loading: 'binary_container_4.xclbin'

===== Programming kernel ======
Programming kernel krnl_cnn_layer0...

===== Allocating buffers ======

===== Execution and Timing starts ======
Running kernel for layer 0...
Programming kernel krnl_cnn_layer1...
Running kernel for layer 1...
Programming kernel krnl_cnn_layer2...
Running kernel for layer 2...
Programming kernel krnl_cnn_layer3...
Running kernel for layer 3...
Programming kernel krnl_cnn_layer4...
Running kernel for layer 4...
Kernel executions completed
Execution and Timing finished!

===== Verification starts ======
Verifying cnn result...
CNN layer 0 TEST PASSED

Verifying cnn result...
CNN layer 1 TEST PASSED

Verifying cnn result...
CNN layer 2 TEST PASSED

Verifying cnn result...
CNN layer 3 TEST PASSED

Verifying cnn result...
CNN layer 4 TEST PASSED

===== Reporting measured throughput ======
Runtime = 18770380.0 (microsec) 

# of operations = 204505088 + 1594884096 + 1514143744 + 679477248 + 67108864
Throughput: 0.21630 GigaOP/sec

===== Exiting ======
